2018-05-21 16:54:08 [scrapy.utils.log] INFO: Scrapy 1.5.0 started (bot: tencentr)
2018-05-21 16:54:08 [scrapy.utils.log] INFO: Versions: lxml 4.2.1.0, libxml2 2.9.7, cssselect 1.0.3, parsel 1.4.0, w3lib 1.19.0, Twisted 18.4.0, Python 3.6.0 (v3.6.0:41df79263a11, Dec 23 2016, 08:06:12) [MSC v.1900 64 bit (AMD64)], pyOpenSSL 18.0.0 (OpenSSL 1.1.0h  27 Mar 2018), cryptography 2.2.2, Platform Windows-10-10.0.16299-SP0
2018-05-21 16:54:08 [scrapy.crawler] INFO: Overridden settings: {'BOT_NAME': 'tencentr', 'LOG_FILE': 'tencentr.log', 'LOG_LEVEL': 'INFO', 'NEWSPIDER_MODULE': 'tencentr.spiders', 'SPIDER_MODULES': ['tencentr.spiders']}
2018-05-21 16:54:08 [scrapy.middleware] INFO: Enabled extensions:
['scrapy.extensions.corestats.CoreStats',
 'scrapy.extensions.telnet.TelnetConsole',
 'scrapy.extensions.logstats.LogStats']
2018-05-21 16:54:09 [scrapy.middleware] INFO: Enabled downloader middlewares:
['scrapy.downloadermiddlewares.httpauth.HttpAuthMiddleware',
 'scrapy.downloadermiddlewares.downloadtimeout.DownloadTimeoutMiddleware',
 'scrapy.downloadermiddlewares.defaultheaders.DefaultHeadersMiddleware',
 'scrapy.downloadermiddlewares.useragent.UserAgentMiddleware',
 'scrapy.downloadermiddlewares.retry.RetryMiddleware',
 'scrapy.downloadermiddlewares.redirect.MetaRefreshMiddleware',
 'scrapy.downloadermiddlewares.httpcompression.HttpCompressionMiddleware',
 'scrapy.downloadermiddlewares.redirect.RedirectMiddleware',
 'scrapy.downloadermiddlewares.cookies.CookiesMiddleware',
 'scrapy.downloadermiddlewares.httpproxy.HttpProxyMiddleware',
 'scrapy.downloadermiddlewares.stats.DownloaderStats']
2018-05-21 16:54:09 [scrapy.middleware] INFO: Enabled spider middlewares:
['scrapy.spidermiddlewares.httperror.HttpErrorMiddleware',
 'scrapy.spidermiddlewares.offsite.OffsiteMiddleware',
 'scrapy.spidermiddlewares.referer.RefererMiddleware',
 'scrapy.spidermiddlewares.urllength.UrlLengthMiddleware',
 'scrapy.spidermiddlewares.depth.DepthMiddleware']
2018-05-21 16:54:09 [scrapy.middleware] INFO: Enabled item pipelines:
['tencentr.pipelines.TencentrPipeline']
2018-05-21 16:54:09 [scrapy.core.engine] INFO: Spider opened
2018-05-21 16:54:09 [scrapy.extensions.logstats] INFO: Crawled 0 pages (at 0 pages/min), scraped 0 items (at 0 items/min)
2018-05-21 16:54:11 [scrapy.core.scraper] ERROR: Spider error processing <GET https://hr.tencent.com/position.php?&start=3840#a> (referer: https://hr.tencent.com/position.php?&start=3880)
Traceback (most recent call last):
  File "C:\Program Files\Python36\lib\site-packages\scrapy\utils\defer.py", line 102, in iter_errback
    yield next(it)
  File "C:\Program Files\Python36\lib\site-packages\scrapy\spidermiddlewares\offsite.py", line 30, in process_spider_output
    for x in result:
  File "C:\Program Files\Python36\lib\site-packages\scrapy\spidermiddlewares\referer.py", line 339, in <genexpr>
    return (_set_referer(r) for r in result or ())
  File "C:\Program Files\Python36\lib\site-packages\scrapy\spidermiddlewares\urllength.py", line 37, in <genexpr>
    return (r for r in result or () if _filter(r))
  File "C:\Program Files\Python36\lib\site-packages\scrapy\spidermiddlewares\depth.py", line 58, in <genexpr>
    return (r for r in result or () if _filter(r))
  File "C:\Program Files\Python36\lib\site-packages\scrapy\spiders\crawl.py", line 78, in _parse_response
    for requests_or_item in iterate_spider_output(cb_res):
  File "D:\DATA\python\Scrapy_Spiser\tencentr\tencentr\spiders\tencentr.py", line 34, in parseTencent
    item['postionType'] = each.xpath('.//td[2]/text()').extract()[0]
IndexError: list index out of range
2018-05-21 16:54:13 [scrapy.core.scraper] ERROR: Spider error processing <GET https://hr.tencent.com/position.php?&start=3760#a> (referer: https://hr.tencent.com/position.php?&start=3790)
Traceback (most recent call last):
  File "C:\Program Files\Python36\lib\site-packages\scrapy\utils\defer.py", line 102, in iter_errback
    yield next(it)
  File "C:\Program Files\Python36\lib\site-packages\scrapy\spidermiddlewares\offsite.py", line 30, in process_spider_output
    for x in result:
  File "C:\Program Files\Python36\lib\site-packages\scrapy\spidermiddlewares\referer.py", line 339, in <genexpr>
    return (_set_referer(r) for r in result or ())
  File "C:\Program Files\Python36\lib\site-packages\scrapy\spidermiddlewares\urllength.py", line 37, in <genexpr>
    return (r for r in result or () if _filter(r))
  File "C:\Program Files\Python36\lib\site-packages\scrapy\spidermiddlewares\depth.py", line 58, in <genexpr>
    return (r for r in result or () if _filter(r))
  File "C:\Program Files\Python36\lib\site-packages\scrapy\spiders\crawl.py", line 78, in _parse_response
    for requests_or_item in iterate_spider_output(cb_res):
  File "D:\DATA\python\Scrapy_Spiser\tencentr\tencentr\spiders\tencentr.py", line 34, in parseTencent
    item['postionType'] = each.xpath('.//td[2]/text()').extract()[0]
IndexError: list index out of range
2018-05-21 16:54:13 [scrapy.core.scraper] ERROR: Spider error processing <GET https://hr.tencent.com/position.php?&start=3730#a> (referer: https://hr.tencent.com/position.php?&start=3770)
Traceback (most recent call last):
  File "C:\Program Files\Python36\lib\site-packages\scrapy\utils\defer.py", line 102, in iter_errback
    yield next(it)
  File "C:\Program Files\Python36\lib\site-packages\scrapy\spidermiddlewares\offsite.py", line 30, in process_spider_output
    for x in result:
  File "C:\Program Files\Python36\lib\site-packages\scrapy\spidermiddlewares\referer.py", line 339, in <genexpr>
    return (_set_referer(r) for r in result or ())
  File "C:\Program Files\Python36\lib\site-packages\scrapy\spidermiddlewares\urllength.py", line 37, in <genexpr>
    return (r for r in result or () if _filter(r))
  File "C:\Program Files\Python36\lib\site-packages\scrapy\spidermiddlewares\depth.py", line 58, in <genexpr>
    return (r for r in result or () if _filter(r))
  File "C:\Program Files\Python36\lib\site-packages\scrapy\spiders\crawl.py", line 78, in _parse_response
    for requests_or_item in iterate_spider_output(cb_res):
  File "D:\DATA\python\Scrapy_Spiser\tencentr\tencentr\spiders\tencentr.py", line 34, in parseTencent
    item['postionType'] = each.xpath('.//td[2]/text()').extract()[0]
IndexError: list index out of range
2018-05-21 16:54:13 [scrapy.core.scraper] ERROR: Spider error processing <GET https://hr.tencent.com/position.php?&start=3700#a> (referer: https://hr.tencent.com/position.php?&start=3740)
Traceback (most recent call last):
  File "C:\Program Files\Python36\lib\site-packages\scrapy\utils\defer.py", line 102, in iter_errback
    yield next(it)
  File "C:\Program Files\Python36\lib\site-packages\scrapy\spidermiddlewares\offsite.py", line 30, in process_spider_output
    for x in result:
  File "C:\Program Files\Python36\lib\site-packages\scrapy\spidermiddlewares\referer.py", line 339, in <genexpr>
    return (_set_referer(r) for r in result or ())
  File "C:\Program Files\Python36\lib\site-packages\scrapy\spidermiddlewares\urllength.py", line 37, in <genexpr>
    return (r for r in result or () if _filter(r))
  File "C:\Program Files\Python36\lib\site-packages\scrapy\spidermiddlewares\depth.py", line 58, in <genexpr>
    return (r for r in result or () if _filter(r))
  File "C:\Program Files\Python36\lib\site-packages\scrapy\spiders\crawl.py", line 78, in _parse_response
    for requests_or_item in iterate_spider_output(cb_res):
  File "D:\DATA\python\Scrapy_Spiser\tencentr\tencentr\spiders\tencentr.py", line 34, in parseTencent
    item['postionType'] = each.xpath('.//td[2]/text()').extract()[0]
IndexError: list index out of range
2018-05-21 16:54:13 [scrapy.core.scraper] ERROR: Spider error processing <GET https://hr.tencent.com/position.php?&start=3670#a> (referer: https://hr.tencent.com/position.php?&start=3710)
Traceback (most recent call last):
  File "C:\Program Files\Python36\lib\site-packages\scrapy\utils\defer.py", line 102, in iter_errback
    yield next(it)
  File "C:\Program Files\Python36\lib\site-packages\scrapy\spidermiddlewares\offsite.py", line 30, in process_spider_output
    for x in result:
  File "C:\Program Files\Python36\lib\site-packages\scrapy\spidermiddlewares\referer.py", line 339, in <genexpr>
    return (_set_referer(r) for r in result or ())
  File "C:\Program Files\Python36\lib\site-packages\scrapy\spidermiddlewares\urllength.py", line 37, in <genexpr>
    return (r for r in result or () if _filter(r))
  File "C:\Program Files\Python36\lib\site-packages\scrapy\spidermiddlewares\depth.py", line 58, in <genexpr>
    return (r for r in result or () if _filter(r))
  File "C:\Program Files\Python36\lib\site-packages\scrapy\spiders\crawl.py", line 78, in _parse_response
    for requests_or_item in iterate_spider_output(cb_res):
  File "D:\DATA\python\Scrapy_Spiser\tencentr\tencentr\spiders\tencentr.py", line 34, in parseTencent
    item['postionType'] = each.xpath('.//td[2]/text()').extract()[0]
IndexError: list index out of range
2018-05-21 16:54:14 [scrapy.core.scraper] ERROR: Spider error processing <GET https://hr.tencent.com/position.php?&start=3640#a> (referer: https://hr.tencent.com/position.php?&start=3680)
Traceback (most recent call last):
  File "C:\Program Files\Python36\lib\site-packages\scrapy\utils\defer.py", line 102, in iter_errback
    yield next(it)
  File "C:\Program Files\Python36\lib\site-packages\scrapy\spidermiddlewares\offsite.py", line 30, in process_spider_output
    for x in result:
  File "C:\Program Files\Python36\lib\site-packages\scrapy\spidermiddlewares\referer.py", line 339, in <genexpr>
    return (_set_referer(r) for r in result or ())
  File "C:\Program Files\Python36\lib\site-packages\scrapy\spidermiddlewares\urllength.py", line 37, in <genexpr>
    return (r for r in result or () if _filter(r))
  File "C:\Program Files\Python36\lib\site-packages\scrapy\spidermiddlewares\depth.py", line 58, in <genexpr>
    return (r for r in result or () if _filter(r))
  File "C:\Program Files\Python36\lib\site-packages\scrapy\spiders\crawl.py", line 78, in _parse_response
    for requests_or_item in iterate_spider_output(cb_res):
  File "D:\DATA\python\Scrapy_Spiser\tencentr\tencentr\spiders\tencentr.py", line 34, in parseTencent
    item['postionType'] = each.xpath('.//td[2]/text()').extract()[0]
IndexError: list index out of range
2018-05-21 16:54:15 [scrapy.core.scraper] ERROR: Spider error processing <GET https://hr.tencent.com/position.php?&start=460#a> (referer: https://hr.tencent.com/position.php?&start=430)
Traceback (most recent call last):
  File "C:\Program Files\Python36\lib\site-packages\scrapy\utils\defer.py", line 102, in iter_errback
    yield next(it)
  File "C:\Program Files\Python36\lib\site-packages\scrapy\spidermiddlewares\offsite.py", line 30, in process_spider_output
    for x in result:
  File "C:\Program Files\Python36\lib\site-packages\scrapy\spidermiddlewares\referer.py", line 339, in <genexpr>
    return (_set_referer(r) for r in result or ())
  File "C:\Program Files\Python36\lib\site-packages\scrapy\spidermiddlewares\urllength.py", line 37, in <genexpr>
    return (r for r in result or () if _filter(r))
  File "C:\Program Files\Python36\lib\site-packages\scrapy\spidermiddlewares\depth.py", line 58, in <genexpr>
    return (r for r in result or () if _filter(r))
  File "C:\Program Files\Python36\lib\site-packages\scrapy\spiders\crawl.py", line 78, in _parse_response
    for requests_or_item in iterate_spider_output(cb_res):
  File "D:\DATA\python\Scrapy_Spiser\tencentr\tencentr\spiders\tencentr.py", line 34, in parseTencent
    item['postionType'] = each.xpath('.//td[2]/text()').extract()[0]
IndexError: list index out of range
2018-05-21 16:54:16 [scrapy.core.scraper] ERROR: Spider error processing <GET https://hr.tencent.com/position.php?&start=470#a> (referer: https://hr.tencent.com/position.php?&start=450)
Traceback (most recent call last):
  File "C:\Program Files\Python36\lib\site-packages\scrapy\utils\defer.py", line 102, in iter_errback
    yield next(it)
  File "C:\Program Files\Python36\lib\site-packages\scrapy\spidermiddlewares\offsite.py", line 30, in process_spider_output
    for x in result:
  File "C:\Program Files\Python36\lib\site-packages\scrapy\spidermiddlewares\referer.py", line 339, in <genexpr>
    return (_set_referer(r) for r in result or ())
  File "C:\Program Files\Python36\lib\site-packages\scrapy\spidermiddlewares\urllength.py", line 37, in <genexpr>
    return (r for r in result or () if _filter(r))
  File "C:\Program Files\Python36\lib\site-packages\scrapy\spidermiddlewares\depth.py", line 58, in <genexpr>
    return (r for r in result or () if _filter(r))
  File "C:\Program Files\Python36\lib\site-packages\scrapy\spiders\crawl.py", line 78, in _parse_response
    for requests_or_item in iterate_spider_output(cb_res):
  File "D:\DATA\python\Scrapy_Spiser\tencentr\tencentr\spiders\tencentr.py", line 34, in parseTencent
    item['postionType'] = each.xpath('.//td[2]/text()').extract()[0]
IndexError: list index out of range
2018-05-21 16:54:16 [scrapy.core.scraper] ERROR: Spider error processing <GET https://hr.tencent.com/position.php?&start=490#a> (referer: https://hr.tencent.com/position.php?&start=480)
Traceback (most recent call last):
  File "C:\Program Files\Python36\lib\site-packages\scrapy\utils\defer.py", line 102, in iter_errback
    yield next(it)
  File "C:\Program Files\Python36\lib\site-packages\scrapy\spidermiddlewares\offsite.py", line 30, in process_spider_output
    for x in result:
  File "C:\Program Files\Python36\lib\site-packages\scrapy\spidermiddlewares\referer.py", line 339, in <genexpr>
    return (_set_referer(r) for r in result or ())
  File "C:\Program Files\Python36\lib\site-packages\scrapy\spidermiddlewares\urllength.py", line 37, in <genexpr>
    return (r for r in result or () if _filter(r))
  File "C:\Program Files\Python36\lib\site-packages\scrapy\spidermiddlewares\depth.py", line 58, in <genexpr>
    return (r for r in result or () if _filter(r))
  File "C:\Program Files\Python36\lib\site-packages\scrapy\spiders\crawl.py", line 78, in _parse_response
    for requests_or_item in iterate_spider_output(cb_res):
  File "D:\DATA\python\Scrapy_Spiser\tencentr\tencentr\spiders\tencentr.py", line 34, in parseTencent
    item['postionType'] = each.xpath('.//td[2]/text()').extract()[0]
IndexError: list index out of range
2018-05-21 16:54:16 [scrapy.core.scraper] ERROR: Spider error processing <GET https://hr.tencent.com/position.php?&start=500#a> (referer: https://hr.tencent.com/position.php?&start=480)
Traceback (most recent call last):
  File "C:\Program Files\Python36\lib\site-packages\scrapy\utils\defer.py", line 102, in iter_errback
    yield next(it)
  File "C:\Program Files\Python36\lib\site-packages\scrapy\spidermiddlewares\offsite.py", line 30, in process_spider_output
    for x in result:
  File "C:\Program Files\Python36\lib\site-packages\scrapy\spidermiddlewares\referer.py", line 339, in <genexpr>
    return (_set_referer(r) for r in result or ())
  File "C:\Program Files\Python36\lib\site-packages\scrapy\spidermiddlewares\urllength.py", line 37, in <genexpr>
    return (r for r in result or () if _filter(r))
  File "C:\Program Files\Python36\lib\site-packages\scrapy\spidermiddlewares\depth.py", line 58, in <genexpr>
    return (r for r in result or () if _filter(r))
  File "C:\Program Files\Python36\lib\site-packages\scrapy\spiders\crawl.py", line 78, in _parse_response
    for requests_or_item in iterate_spider_output(cb_res):
  File "D:\DATA\python\Scrapy_Spiser\tencentr\tencentr\spiders\tencentr.py", line 34, in parseTencent
    item['postionType'] = each.xpath('.//td[2]/text()').extract()[0]
IndexError: list index out of range
2018-05-21 16:54:16 [scrapy.core.scraper] ERROR: Spider error processing <GET https://hr.tencent.com/position.php?&start=3440#a> (referer: https://hr.tencent.com/position.php?&start=3470)
Traceback (most recent call last):
  File "C:\Program Files\Python36\lib\site-packages\scrapy\utils\defer.py", line 102, in iter_errback
    yield next(it)
  File "C:\Program Files\Python36\lib\site-packages\scrapy\spidermiddlewares\offsite.py", line 30, in process_spider_output
    for x in result:
  File "C:\Program Files\Python36\lib\site-packages\scrapy\spidermiddlewares\referer.py", line 339, in <genexpr>
    return (_set_referer(r) for r in result or ())
  File "C:\Program Files\Python36\lib\site-packages\scrapy\spidermiddlewares\urllength.py", line 37, in <genexpr>
    return (r for r in result or () if _filter(r))
  File "C:\Program Files\Python36\lib\site-packages\scrapy\spidermiddlewares\depth.py", line 58, in <genexpr>
    return (r for r in result or () if _filter(r))
  File "C:\Program Files\Python36\lib\site-packages\scrapy\spiders\crawl.py", line 78, in _parse_response
    for requests_or_item in iterate_spider_output(cb_res):
  File "D:\DATA\python\Scrapy_Spiser\tencentr\tencentr\spiders\tencentr.py", line 34, in parseTencent
    item['postionType'] = each.xpath('.//td[2]/text()').extract()[0]
IndexError: list index out of range
2018-05-21 16:54:21 [scrapy.core.scraper] ERROR: Spider error processing <GET https://hr.tencent.com/position.php?&start=2950#a> (referer: https://hr.tencent.com/position.php?&start=2990)
Traceback (most recent call last):
  File "C:\Program Files\Python36\lib\site-packages\scrapy\utils\defer.py", line 102, in iter_errback
    yield next(it)
  File "C:\Program Files\Python36\lib\site-packages\scrapy\spidermiddlewares\offsite.py", line 30, in process_spider_output
    for x in result:
  File "C:\Program Files\Python36\lib\site-packages\scrapy\spidermiddlewares\referer.py", line 339, in <genexpr>
    return (_set_referer(r) for r in result or ())
  File "C:\Program Files\Python36\lib\site-packages\scrapy\spidermiddlewares\urllength.py", line 37, in <genexpr>
    return (r for r in result or () if _filter(r))
  File "C:\Program Files\Python36\lib\site-packages\scrapy\spidermiddlewares\depth.py", line 58, in <genexpr>
    return (r for r in result or () if _filter(r))
  File "C:\Program Files\Python36\lib\site-packages\scrapy\spiders\crawl.py", line 78, in _parse_response
    for requests_or_item in iterate_spider_output(cb_res):
  File "D:\DATA\python\Scrapy_Spiser\tencentr\tencentr\spiders\tencentr.py", line 34, in parseTencent
    item['postionType'] = each.xpath('.//td[2]/text()').extract()[0]
IndexError: list index out of range
2018-05-21 16:54:22 [scrapy.core.scraper] ERROR: Spider error processing <GET https://hr.tencent.com/position.php?&start=2850#a> (referer: https://hr.tencent.com/position.php?&start=2890)
Traceback (most recent call last):
  File "C:\Program Files\Python36\lib\site-packages\scrapy\utils\defer.py", line 102, in iter_errback
    yield next(it)
  File "C:\Program Files\Python36\lib\site-packages\scrapy\spidermiddlewares\offsite.py", line 30, in process_spider_output
    for x in result:
  File "C:\Program Files\Python36\lib\site-packages\scrapy\spidermiddlewares\referer.py", line 339, in <genexpr>
    return (_set_referer(r) for r in result or ())
  File "C:\Program Files\Python36\lib\site-packages\scrapy\spidermiddlewares\urllength.py", line 37, in <genexpr>
    return (r for r in result or () if _filter(r))
  File "C:\Program Files\Python36\lib\site-packages\scrapy\spidermiddlewares\depth.py", line 58, in <genexpr>
    return (r for r in result or () if _filter(r))
  File "C:\Program Files\Python36\lib\site-packages\scrapy\spiders\crawl.py", line 78, in _parse_response
    for requests_or_item in iterate_spider_output(cb_res):
  File "D:\DATA\python\Scrapy_Spiser\tencentr\tencentr\spiders\tencentr.py", line 34, in parseTencent
    item['postionType'] = each.xpath('.//td[2]/text()').extract()[0]
IndexError: list index out of range
2018-05-21 16:54:22 [scrapy.core.scraper] ERROR: Spider error processing <GET https://hr.tencent.com/position.php?&start=970#a> (referer: https://hr.tencent.com/position.php?&start=940)
Traceback (most recent call last):
  File "C:\Program Files\Python36\lib\site-packages\scrapy\utils\defer.py", line 102, in iter_errback
    yield next(it)
  File "C:\Program Files\Python36\lib\site-packages\scrapy\spidermiddlewares\offsite.py", line 30, in process_spider_output
    for x in result:
  File "C:\Program Files\Python36\lib\site-packages\scrapy\spidermiddlewares\referer.py", line 339, in <genexpr>
    return (_set_referer(r) for r in result or ())
  File "C:\Program Files\Python36\lib\site-packages\scrapy\spidermiddlewares\urllength.py", line 37, in <genexpr>
    return (r for r in result or () if _filter(r))
  File "C:\Program Files\Python36\lib\site-packages\scrapy\spidermiddlewares\depth.py", line 58, in <genexpr>
    return (r for r in result or () if _filter(r))
  File "C:\Program Files\Python36\lib\site-packages\scrapy\spiders\crawl.py", line 78, in _parse_response
    for requests_or_item in iterate_spider_output(cb_res):
  File "D:\DATA\python\Scrapy_Spiser\tencentr\tencentr\spiders\tencentr.py", line 34, in parseTencent
    item['postionType'] = each.xpath('.//td[2]/text()').extract()[0]
IndexError: list index out of range
2018-05-21 16:54:24 [scrapy.core.scraper] ERROR: Spider error processing <GET https://hr.tencent.com/position.php?&start=1080#a> (referer: https://hr.tencent.com/position.php?&start=1050)
Traceback (most recent call last):
  File "C:\Program Files\Python36\lib\site-packages\scrapy\utils\defer.py", line 102, in iter_errback
    yield next(it)
  File "C:\Program Files\Python36\lib\site-packages\scrapy\spidermiddlewares\offsite.py", line 30, in process_spider_output
    for x in result:
  File "C:\Program Files\Python36\lib\site-packages\scrapy\spidermiddlewares\referer.py", line 339, in <genexpr>
    return (_set_referer(r) for r in result or ())
  File "C:\Program Files\Python36\lib\site-packages\scrapy\spidermiddlewares\urllength.py", line 37, in <genexpr>
    return (r for r in result or () if _filter(r))
  File "C:\Program Files\Python36\lib\site-packages\scrapy\spidermiddlewares\depth.py", line 58, in <genexpr>
    return (r for r in result or () if _filter(r))
  File "C:\Program Files\Python36\lib\site-packages\scrapy\spiders\crawl.py", line 78, in _parse_response
    for requests_or_item in iterate_spider_output(cb_res):
  File "D:\DATA\python\Scrapy_Spiser\tencentr\tencentr\spiders\tencentr.py", line 34, in parseTencent
    item['postionType'] = each.xpath('.//td[2]/text()').extract()[0]
IndexError: list index out of range
2018-05-21 16:54:25 [scrapy.core.scraper] ERROR: Spider error processing <GET https://hr.tencent.com/position.php?&start=1180#a> (referer: https://hr.tencent.com/position.php?&start=1160)
Traceback (most recent call last):
  File "C:\Program Files\Python36\lib\site-packages\scrapy\utils\defer.py", line 102, in iter_errback
    yield next(it)
  File "C:\Program Files\Python36\lib\site-packages\scrapy\spidermiddlewares\offsite.py", line 30, in process_spider_output
    for x in result:
  File "C:\Program Files\Python36\lib\site-packages\scrapy\spidermiddlewares\referer.py", line 339, in <genexpr>
    return (_set_referer(r) for r in result or ())
  File "C:\Program Files\Python36\lib\site-packages\scrapy\spidermiddlewares\urllength.py", line 37, in <genexpr>
    return (r for r in result or () if _filter(r))
  File "C:\Program Files\Python36\lib\site-packages\scrapy\spidermiddlewares\depth.py", line 58, in <genexpr>
    return (r for r in result or () if _filter(r))
  File "C:\Program Files\Python36\lib\site-packages\scrapy\spiders\crawl.py", line 78, in _parse_response
    for requests_or_item in iterate_spider_output(cb_res):
  File "D:\DATA\python\Scrapy_Spiser\tencentr\tencentr\spiders\tencentr.py", line 34, in parseTencent
    item['postionType'] = each.xpath('.//td[2]/text()').extract()[0]
IndexError: list index out of range
2018-05-21 16:54:27 [scrapy.core.scraper] ERROR: Spider error processing <GET https://hr.tencent.com/position.php?&start=2400#a> (referer: https://hr.tencent.com/position.php?&start=2440)
Traceback (most recent call last):
  File "C:\Program Files\Python36\lib\site-packages\scrapy\utils\defer.py", line 102, in iter_errback
    yield next(it)
  File "C:\Program Files\Python36\lib\site-packages\scrapy\spidermiddlewares\offsite.py", line 30, in process_spider_output
    for x in result:
  File "C:\Program Files\Python36\lib\site-packages\scrapy\spidermiddlewares\referer.py", line 339, in <genexpr>
    return (_set_referer(r) for r in result or ())
  File "C:\Program Files\Python36\lib\site-packages\scrapy\spidermiddlewares\urllength.py", line 37, in <genexpr>
    return (r for r in result or () if _filter(r))
  File "C:\Program Files\Python36\lib\site-packages\scrapy\spidermiddlewares\depth.py", line 58, in <genexpr>
    return (r for r in result or () if _filter(r))
  File "C:\Program Files\Python36\lib\site-packages\scrapy\spiders\crawl.py", line 78, in _parse_response
    for requests_or_item in iterate_spider_output(cb_res):
  File "D:\DATA\python\Scrapy_Spiser\tencentr\tencentr\spiders\tencentr.py", line 34, in parseTencent
    item['postionType'] = each.xpath('.//td[2]/text()').extract()[0]
IndexError: list index out of range
2018-05-21 16:54:27 [scrapy.core.scraper] ERROR: Spider error processing <GET https://hr.tencent.com/position.php?&start=2410#a> (referer: https://hr.tencent.com/position.php?&start=2440)
Traceback (most recent call last):
  File "C:\Program Files\Python36\lib\site-packages\scrapy\utils\defer.py", line 102, in iter_errback
    yield next(it)
  File "C:\Program Files\Python36\lib\site-packages\scrapy\spidermiddlewares\offsite.py", line 30, in process_spider_output
    for x in result:
  File "C:\Program Files\Python36\lib\site-packages\scrapy\spidermiddlewares\referer.py", line 339, in <genexpr>
    return (_set_referer(r) for r in result or ())
  File "C:\Program Files\Python36\lib\site-packages\scrapy\spidermiddlewares\urllength.py", line 37, in <genexpr>
    return (r for r in result or () if _filter(r))
  File "C:\Program Files\Python36\lib\site-packages\scrapy\spidermiddlewares\depth.py", line 58, in <genexpr>
    return (r for r in result or () if _filter(r))
  File "C:\Program Files\Python36\lib\site-packages\scrapy\spiders\crawl.py", line 78, in _parse_response
    for requests_or_item in iterate_spider_output(cb_res):
  File "D:\DATA\python\Scrapy_Spiser\tencentr\tencentr\spiders\tencentr.py", line 34, in parseTencent
    item['postionType'] = each.xpath('.//td[2]/text()').extract()[0]
IndexError: list index out of range
2018-05-21 16:54:27 [scrapy.core.scraper] ERROR: Spider error processing <GET https://hr.tencent.com/position.php?&start=2350#a> (referer: https://hr.tencent.com/position.php?&start=2390)
Traceback (most recent call last):
  File "C:\Program Files\Python36\lib\site-packages\scrapy\utils\defer.py", line 102, in iter_errback
    yield next(it)
  File "C:\Program Files\Python36\lib\site-packages\scrapy\spidermiddlewares\offsite.py", line 30, in process_spider_output
    for x in result:
  File "C:\Program Files\Python36\lib\site-packages\scrapy\spidermiddlewares\referer.py", line 339, in <genexpr>
    return (_set_referer(r) for r in result or ())
  File "C:\Program Files\Python36\lib\site-packages\scrapy\spidermiddlewares\urllength.py", line 37, in <genexpr>
    return (r for r in result or () if _filter(r))
  File "C:\Program Files\Python36\lib\site-packages\scrapy\spidermiddlewares\depth.py", line 58, in <genexpr>
    return (r for r in result or () if _filter(r))
  File "C:\Program Files\Python36\lib\site-packages\scrapy\spiders\crawl.py", line 78, in _parse_response
    for requests_or_item in iterate_spider_output(cb_res):
  File "D:\DATA\python\Scrapy_Spiser\tencentr\tencentr\spiders\tencentr.py", line 34, in parseTencent
    item['postionType'] = each.xpath('.//td[2]/text()').extract()[0]
IndexError: list index out of range
2018-05-21 16:54:28 [scrapy.core.scraper] ERROR: Spider error processing <GET https://hr.tencent.com/position.php?&start=1360#a> (referer: https://hr.tencent.com/position.php?&start=1330)
Traceback (most recent call last):
  File "C:\Program Files\Python36\lib\site-packages\scrapy\utils\defer.py", line 102, in iter_errback
    yield next(it)
  File "C:\Program Files\Python36\lib\site-packages\scrapy\spidermiddlewares\offsite.py", line 30, in process_spider_output
    for x in result:
  File "C:\Program Files\Python36\lib\site-packages\scrapy\spidermiddlewares\referer.py", line 339, in <genexpr>
    return (_set_referer(r) for r in result or ())
  File "C:\Program Files\Python36\lib\site-packages\scrapy\spidermiddlewares\urllength.py", line 37, in <genexpr>
    return (r for r in result or () if _filter(r))
  File "C:\Program Files\Python36\lib\site-packages\scrapy\spidermiddlewares\depth.py", line 58, in <genexpr>
    return (r for r in result or () if _filter(r))
  File "C:\Program Files\Python36\lib\site-packages\scrapy\spiders\crawl.py", line 78, in _parse_response
    for requests_or_item in iterate_spider_output(cb_res):
  File "D:\DATA\python\Scrapy_Spiser\tencentr\tencentr\spiders\tencentr.py", line 34, in parseTencent
    item['postionType'] = each.xpath('.//td[2]/text()').extract()[0]
IndexError: list index out of range
2018-05-21 16:54:28 [scrapy.core.scraper] ERROR: Spider error processing <GET https://hr.tencent.com/position.php?&start=1430#a> (referer: https://hr.tencent.com/position.php?&start=1400)
Traceback (most recent call last):
  File "C:\Program Files\Python36\lib\site-packages\scrapy\utils\defer.py", line 102, in iter_errback
    yield next(it)
  File "C:\Program Files\Python36\lib\site-packages\scrapy\spidermiddlewares\offsite.py", line 30, in process_spider_output
    for x in result:
  File "C:\Program Files\Python36\lib\site-packages\scrapy\spidermiddlewares\referer.py", line 339, in <genexpr>
    return (_set_referer(r) for r in result or ())
  File "C:\Program Files\Python36\lib\site-packages\scrapy\spidermiddlewares\urllength.py", line 37, in <genexpr>
    return (r for r in result or () if _filter(r))
  File "C:\Program Files\Python36\lib\site-packages\scrapy\spidermiddlewares\depth.py", line 58, in <genexpr>
    return (r for r in result or () if _filter(r))
  File "C:\Program Files\Python36\lib\site-packages\scrapy\spiders\crawl.py", line 78, in _parse_response
    for requests_or_item in iterate_spider_output(cb_res):
  File "D:\DATA\python\Scrapy_Spiser\tencentr\tencentr\spiders\tencentr.py", line 34, in parseTencent
    item['postionType'] = each.xpath('.//td[2]/text()').extract()[0]
IndexError: list index out of range
2018-05-21 16:54:28 [scrapy.core.scraper] ERROR: Spider error processing <GET https://hr.tencent.com/position.php?&start=1420#a> (referer: https://hr.tencent.com/position.php?&start=1400)
Traceback (most recent call last):
  File "C:\Program Files\Python36\lib\site-packages\scrapy\utils\defer.py", line 102, in iter_errback
    yield next(it)
  File "C:\Program Files\Python36\lib\site-packages\scrapy\spidermiddlewares\offsite.py", line 30, in process_spider_output
    for x in result:
  File "C:\Program Files\Python36\lib\site-packages\scrapy\spidermiddlewares\referer.py", line 339, in <genexpr>
    return (_set_referer(r) for r in result or ())
  File "C:\Program Files\Python36\lib\site-packages\scrapy\spidermiddlewares\urllength.py", line 37, in <genexpr>
    return (r for r in result or () if _filter(r))
  File "C:\Program Files\Python36\lib\site-packages\scrapy\spidermiddlewares\depth.py", line 58, in <genexpr>
    return (r for r in result or () if _filter(r))
  File "C:\Program Files\Python36\lib\site-packages\scrapy\spiders\crawl.py", line 78, in _parse_response
    for requests_or_item in iterate_spider_output(cb_res):
  File "D:\DATA\python\Scrapy_Spiser\tencentr\tencentr\spiders\tencentr.py", line 34, in parseTencent
    item['postionType'] = each.xpath('.//td[2]/text()').extract()[0]
IndexError: list index out of range
2018-05-21 16:54:29 [scrapy.core.scraper] ERROR: Spider error processing <GET https://hr.tencent.com/position.php?&start=2130#a> (referer: https://hr.tencent.com/position.php?&start=2160)
Traceback (most recent call last):
  File "C:\Program Files\Python36\lib\site-packages\scrapy\utils\defer.py", line 102, in iter_errback
    yield next(it)
  File "C:\Program Files\Python36\lib\site-packages\scrapy\spidermiddlewares\offsite.py", line 30, in process_spider_output
    for x in result:
  File "C:\Program Files\Python36\lib\site-packages\scrapy\spidermiddlewares\referer.py", line 339, in <genexpr>
    return (_set_referer(r) for r in result or ())
  File "C:\Program Files\Python36\lib\site-packages\scrapy\spidermiddlewares\urllength.py", line 37, in <genexpr>
    return (r for r in result or () if _filter(r))
  File "C:\Program Files\Python36\lib\site-packages\scrapy\spidermiddlewares\depth.py", line 58, in <genexpr>
    return (r for r in result or () if _filter(r))
  File "C:\Program Files\Python36\lib\site-packages\scrapy\spiders\crawl.py", line 78, in _parse_response
    for requests_or_item in iterate_spider_output(cb_res):
  File "D:\DATA\python\Scrapy_Spiser\tencentr\tencentr\spiders\tencentr.py", line 34, in parseTencent
    item['postionType'] = each.xpath('.//td[2]/text()').extract()[0]
IndexError: list index out of range
2018-05-21 16:54:31 [scrapy.core.scraper] ERROR: Spider error processing <GET https://hr.tencent.com/position.php?&start=1650#a> (referer: https://hr.tencent.com/position.php?&start=1620)
Traceback (most recent call last):
  File "C:\Program Files\Python36\lib\site-packages\scrapy\utils\defer.py", line 102, in iter_errback
    yield next(it)
  File "C:\Program Files\Python36\lib\site-packages\scrapy\spidermiddlewares\offsite.py", line 30, in process_spider_output
    for x in result:
  File "C:\Program Files\Python36\lib\site-packages\scrapy\spidermiddlewares\referer.py", line 339, in <genexpr>
    return (_set_referer(r) for r in result or ())
  File "C:\Program Files\Python36\lib\site-packages\scrapy\spidermiddlewares\urllength.py", line 37, in <genexpr>
    return (r for r in result or () if _filter(r))
  File "C:\Program Files\Python36\lib\site-packages\scrapy\spidermiddlewares\depth.py", line 58, in <genexpr>
    return (r for r in result or () if _filter(r))
  File "C:\Program Files\Python36\lib\site-packages\scrapy\spiders\crawl.py", line 78, in _parse_response
    for requests_or_item in iterate_spider_output(cb_res):
  File "D:\DATA\python\Scrapy_Spiser\tencentr\tencentr\spiders\tencentr.py", line 34, in parseTencent
    item['postionType'] = each.xpath('.//td[2]/text()').extract()[0]
IndexError: list index out of range
2018-05-21 16:54:31 [scrapy.core.scraper] ERROR: Spider error processing <GET https://hr.tencent.com/position.php?&start=1950#a> (referer: https://hr.tencent.com/position.php?&start=1990)
Traceback (most recent call last):
  File "C:\Program Files\Python36\lib\site-packages\scrapy\utils\defer.py", line 102, in iter_errback
    yield next(it)
  File "C:\Program Files\Python36\lib\site-packages\scrapy\spidermiddlewares\offsite.py", line 30, in process_spider_output
    for x in result:
  File "C:\Program Files\Python36\lib\site-packages\scrapy\spidermiddlewares\referer.py", line 339, in <genexpr>
    return (_set_referer(r) for r in result or ())
  File "C:\Program Files\Python36\lib\site-packages\scrapy\spidermiddlewares\urllength.py", line 37, in <genexpr>
    return (r for r in result or () if _filter(r))
  File "C:\Program Files\Python36\lib\site-packages\scrapy\spidermiddlewares\depth.py", line 58, in <genexpr>
    return (r for r in result or () if _filter(r))
  File "C:\Program Files\Python36\lib\site-packages\scrapy\spiders\crawl.py", line 78, in _parse_response
    for requests_or_item in iterate_spider_output(cb_res):
  File "D:\DATA\python\Scrapy_Spiser\tencentr\tencentr\spiders\tencentr.py", line 34, in parseTencent
    item['postionType'] = each.xpath('.//td[2]/text()').extract()[0]
IndexError: list index out of range
2018-05-21 16:54:32 [scrapy.core.scraper] ERROR: Spider error processing <GET https://hr.tencent.com/position.php?&start=1690#a> (referer: https://hr.tencent.com/position.php?&start=1660)
Traceback (most recent call last):
  File "C:\Program Files\Python36\lib\site-packages\scrapy\utils\defer.py", line 102, in iter_errback
    yield next(it)
  File "C:\Program Files\Python36\lib\site-packages\scrapy\spidermiddlewares\offsite.py", line 30, in process_spider_output
    for x in result:
  File "C:\Program Files\Python36\lib\site-packages\scrapy\spidermiddlewares\referer.py", line 339, in <genexpr>
    return (_set_referer(r) for r in result or ())
  File "C:\Program Files\Python36\lib\site-packages\scrapy\spidermiddlewares\urllength.py", line 37, in <genexpr>
    return (r for r in result or () if _filter(r))
  File "C:\Program Files\Python36\lib\site-packages\scrapy\spidermiddlewares\depth.py", line 58, in <genexpr>
    return (r for r in result or () if _filter(r))
  File "C:\Program Files\Python36\lib\site-packages\scrapy\spiders\crawl.py", line 78, in _parse_response
    for requests_or_item in iterate_spider_output(cb_res):
  File "D:\DATA\python\Scrapy_Spiser\tencentr\tencentr\spiders\tencentr.py", line 34, in parseTencent
    item['postionType'] = each.xpath('.//td[2]/text()').extract()[0]
IndexError: list index out of range
2018-05-21 16:54:33 [scrapy.core.engine] INFO: Closing spider (finished)
2018-05-21 16:54:33 [scrapy.statscollectors] INFO: Dumping Scrapy stats:
{'downloader/request_bytes': 110056,
 'downloader/request_count': 400,
 'downloader/request_method_count/GET': 400,
 'downloader/response_bytes': 1569977,
 'downloader/response_count': 400,
 'downloader/response_status_count/200': 400,
 'dupefilter/filtered': 2589,
 'finish_reason': 'finished',
 'finish_time': datetime.datetime(2018, 5, 21, 8, 54, 33, 321235),
 'item_scraped_count': 3818,
 'log_count/ERROR': 26,
 'log_count/INFO': 7,
 'request_depth_max': 60,
 'response_received_count': 400,
 'scheduler/dequeued': 400,
 'scheduler/dequeued/memory': 400,
 'scheduler/enqueued': 400,
 'scheduler/enqueued/memory': 400,
 'spider_exceptions/IndexError': 26,
 'start_time': datetime.datetime(2018, 5, 21, 8, 54, 9, 159283)}
2018-05-21 16:54:33 [scrapy.core.engine] INFO: Spider closed (finished)
