2018-05-24 12:48:09 [scrapy.utils.log] INFO: Scrapy 1.5.0 started (bot: douban)
2018-05-24 12:48:09 [scrapy.utils.log] INFO: Versions: lxml 4.2.1.0, libxml2 2.9.7, cssselect 1.0.3, parsel 1.4.0, w3lib 1.19.0, Twisted 18.4.0, Python 3.6.0 (v3.6.0:41df79263a11, Dec 23 2016, 08:06:12) [MSC v.1900 64 bit (AMD64)], pyOpenSSL 18.0.0 (OpenSSL 1.1.0h  27 Mar 2018), cryptography 2.2.2, Platform Windows-10-10.0.16299-SP0
2018-05-24 12:48:09 [scrapy.crawler] INFO: Overridden settings: {'BOT_NAME': 'douban', 'COOKIES_ENABLED': False, 'LOG_FILE': 'db.log', 'NEWSPIDER_MODULE': 'douban.spiders', 'SPIDER_MODULES': ['douban.spiders'], 'USER_AGENT': 'Mozilla/5.0 (compatible; MSIE 9.0; Windows NT 6.1; Trident/5.0;'}
2018-05-24 12:48:09 [scrapy.middleware] INFO: Enabled extensions:
['scrapy.extensions.corestats.CoreStats',
 'scrapy.extensions.telnet.TelnetConsole',
 'scrapy.extensions.logstats.LogStats']
2018-05-24 12:48:09 [scrapy.middleware] INFO: Enabled downloader middlewares:
['douban.middlewares.RandomUseragentDownloaderMiddleware',
 'douban.middlewares.RandomProxyDownloaderMiddleware',
 'scrapy.downloadermiddlewares.httpauth.HttpAuthMiddleware',
 'scrapy.downloadermiddlewares.downloadtimeout.DownloadTimeoutMiddleware',
 'scrapy.downloadermiddlewares.defaultheaders.DefaultHeadersMiddleware',
 'scrapy.downloadermiddlewares.useragent.UserAgentMiddleware',
 'scrapy.downloadermiddlewares.retry.RetryMiddleware',
 'scrapy.downloadermiddlewares.redirect.MetaRefreshMiddleware',
 'scrapy.downloadermiddlewares.httpcompression.HttpCompressionMiddleware',
 'scrapy.downloadermiddlewares.redirect.RedirectMiddleware',
 'scrapy.downloadermiddlewares.httpproxy.HttpProxyMiddleware',
 'scrapy.downloadermiddlewares.stats.DownloaderStats']
2018-05-24 12:48:09 [scrapy.middleware] INFO: Enabled spider middlewares:
['scrapy.spidermiddlewares.httperror.HttpErrorMiddleware',
 'scrapy.spidermiddlewares.offsite.OffsiteMiddleware',
 'scrapy.spidermiddlewares.referer.RefererMiddleware',
 'scrapy.spidermiddlewares.urllength.UrlLengthMiddleware',
 'scrapy.spidermiddlewares.depth.DepthMiddleware']
2018-05-24 12:48:09 [scrapy.middleware] INFO: Enabled item pipelines:
['douban.pipelines.DoubanPipeline']
2018-05-24 12:48:09 [scrapy.core.engine] INFO: Spider opened
2018-05-24 12:48:09 [scrapy.extensions.logstats] INFO: Crawled 0 pages (at 0 pages/min), scraped 0 items (at 0 items/min)
2018-05-24 12:48:09 [scrapy.extensions.telnet] DEBUG: Telnet console listening on 127.0.0.1:6023
2018-05-24 12:48:11 [scrapy.core.engine] DEBUG: Crawled (200) <GET https://movie.douban.com/top250?start=0> (referer: None)
2018-05-24 12:48:12 [scrapy.core.engine] INFO: Closing spider (finished)
2018-05-24 12:48:12 [scrapy.statscollectors] INFO: Dumping Scrapy stats:
{'downloader/request_bytes': 263,
 'downloader/request_count': 1,
 'downloader/request_method_count/GET': 1,
 'downloader/response_bytes': 12867,
 'downloader/response_count': 1,
 'downloader/response_status_count/200': 1,
 'finish_reason': 'finished',
 'finish_time': datetime.datetime(2018, 5, 24, 4, 48, 12, 10229),
 'log_count/DEBUG': 2,
 'log_count/INFO': 7,
 'response_received_count': 1,
 'scheduler/dequeued': 1,
 'scheduler/dequeued/memory': 1,
 'scheduler/enqueued': 1,
 'scheduler/enqueued/memory': 1,
 'start_time': datetime.datetime(2018, 5, 24, 4, 48, 9, 627285)}
2018-05-24 12:48:12 [scrapy.core.engine] INFO: Spider closed (finished)
2018-05-24 12:48:25 [scrapy.utils.log] INFO: Scrapy 1.5.0 started (bot: douban)
2018-05-24 12:48:25 [scrapy.utils.log] INFO: Versions: lxml 4.2.1.0, libxml2 2.9.7, cssselect 1.0.3, parsel 1.4.0, w3lib 1.19.0, Twisted 18.4.0, Python 3.6.0 (v3.6.0:41df79263a11, Dec 23 2016, 08:06:12) [MSC v.1900 64 bit (AMD64)], pyOpenSSL 18.0.0 (OpenSSL 1.1.0h  27 Mar 2018), cryptography 2.2.2, Platform Windows-10-10.0.16299-SP0
2018-05-24 12:48:25 [scrapy.crawler] INFO: Overridden settings: {'BOT_NAME': 'douban', 'COOKIES_ENABLED': False, 'LOG_FILE': 'db.log', 'NEWSPIDER_MODULE': 'douban.spiders', 'SPIDER_MODULES': ['douban.spiders'], 'USER_AGENT': 'Mozilla/5.0 (compatible; MSIE 9.0; Windows NT 6.1; Trident/5.0;'}
2018-05-24 12:48:25 [scrapy.middleware] INFO: Enabled extensions:
['scrapy.extensions.corestats.CoreStats',
 'scrapy.extensions.telnet.TelnetConsole',
 'scrapy.extensions.logstats.LogStats']
2018-05-24 12:48:26 [scrapy.middleware] INFO: Enabled downloader middlewares:
['douban.middlewares.RandomUseragentDownloaderMiddleware',
 'douban.middlewares.RandomProxyDownloaderMiddleware',
 'scrapy.downloadermiddlewares.httpauth.HttpAuthMiddleware',
 'scrapy.downloadermiddlewares.downloadtimeout.DownloadTimeoutMiddleware',
 'scrapy.downloadermiddlewares.defaultheaders.DefaultHeadersMiddleware',
 'scrapy.downloadermiddlewares.useragent.UserAgentMiddleware',
 'scrapy.downloadermiddlewares.retry.RetryMiddleware',
 'scrapy.downloadermiddlewares.redirect.MetaRefreshMiddleware',
 'scrapy.downloadermiddlewares.httpcompression.HttpCompressionMiddleware',
 'scrapy.downloadermiddlewares.redirect.RedirectMiddleware',
 'scrapy.downloadermiddlewares.httpproxy.HttpProxyMiddleware',
 'scrapy.downloadermiddlewares.stats.DownloaderStats']
2018-05-24 12:48:26 [scrapy.middleware] INFO: Enabled spider middlewares:
['scrapy.spidermiddlewares.httperror.HttpErrorMiddleware',
 'scrapy.spidermiddlewares.offsite.OffsiteMiddleware',
 'scrapy.spidermiddlewares.referer.RefererMiddleware',
 'scrapy.spidermiddlewares.urllength.UrlLengthMiddleware',
 'scrapy.spidermiddlewares.depth.DepthMiddleware']
2018-05-24 12:48:26 [scrapy.middleware] INFO: Enabled item pipelines:
['douban.pipelines.DoubanPipeline']
2018-05-24 12:48:26 [scrapy.core.engine] INFO: Spider opened
2018-05-24 12:48:26 [scrapy.extensions.logstats] INFO: Crawled 0 pages (at 0 pages/min), scraped 0 items (at 0 items/min)
2018-05-24 12:48:26 [scrapy.extensions.telnet] DEBUG: Telnet console listening on 127.0.0.1:6023
2018-05-24 12:48:26 [scrapy.core.engine] DEBUG: Crawled (200) <GET https://movie.douban.com/top250?start=0> (referer: None)
2018-05-24 12:48:26 [scrapy.core.engine] DEBUG: Crawled (200) <GET https://movie.douban.com/top250?start=25> (referer: https://movie.douban.com/top250?start=0)
2018-05-24 12:48:28 [scrapy.core.engine] DEBUG: Crawled (200) <GET https://movie.douban.com/top250?start=50> (referer: https://movie.douban.com/top250?start=25)
2018-05-24 12:48:30 [scrapy.core.engine] DEBUG: Crawled (200) <GET https://movie.douban.com/top250?start=75> (referer: https://movie.douban.com/top250?start=50)
2018-05-24 12:48:31 [scrapy.core.engine] DEBUG: Crawled (200) <GET https://movie.douban.com/top250?start=100> (referer: https://movie.douban.com/top250?start=75)
2018-05-24 12:48:31 [scrapy.core.engine] DEBUG: Crawled (200) <GET https://movie.douban.com/top250?start=125> (referer: https://movie.douban.com/top250?start=100)
2018-05-24 12:48:32 [scrapy.core.engine] DEBUG: Crawled (200) <GET https://movie.douban.com/top250?start=150> (referer: https://movie.douban.com/top250?start=125)
2018-05-24 12:48:32 [scrapy.core.engine] DEBUG: Crawled (200) <GET https://movie.douban.com/top250?start=175> (referer: https://movie.douban.com/top250?start=150)
2018-05-24 12:48:32 [scrapy.core.engine] DEBUG: Crawled (200) <GET https://movie.douban.com/top250?start=200> (referer: https://movie.douban.com/top250?start=175)
2018-05-24 12:48:34 [scrapy.core.engine] DEBUG: Crawled (200) <GET https://movie.douban.com/top250?start=225> (referer: https://movie.douban.com/top250?start=200)
2018-05-24 12:48:34 [scrapy.core.engine] INFO: Closing spider (finished)
2018-05-24 12:48:34 [scrapy.statscollectors] INFO: Dumping Scrapy stats:
{'downloader/request_bytes': 3294,
 'downloader/request_count': 10,
 'downloader/request_method_count/GET': 10,
 'downloader/response_bytes': 129570,
 'downloader/response_count': 10,
 'downloader/response_status_count/200': 10,
 'finish_reason': 'finished',
 'finish_time': datetime.datetime(2018, 5, 24, 4, 48, 34, 324564),
 'log_count/DEBUG': 11,
 'log_count/INFO': 7,
 'request_depth_max': 9,
 'response_received_count': 10,
 'scheduler/dequeued': 10,
 'scheduler/dequeued/memory': 10,
 'scheduler/enqueued': 10,
 'scheduler/enqueued/memory': 10,
 'start_time': datetime.datetime(2018, 5, 24, 4, 48, 26, 177779)}
2018-05-24 12:48:34 [scrapy.core.engine] INFO: Spider closed (finished)
2018-05-24 12:48:42 [scrapy.utils.log] INFO: Scrapy 1.5.0 started (bot: douban)
2018-05-24 12:48:42 [scrapy.utils.log] INFO: Versions: lxml 4.2.1.0, libxml2 2.9.7, cssselect 1.0.3, parsel 1.4.0, w3lib 1.19.0, Twisted 18.4.0, Python 3.6.0 (v3.6.0:41df79263a11, Dec 23 2016, 08:06:12) [MSC v.1900 64 bit (AMD64)], pyOpenSSL 18.0.0 (OpenSSL 1.1.0h  27 Mar 2018), cryptography 2.2.2, Platform Windows-10-10.0.16299-SP0
2018-05-24 12:48:42 [scrapy.crawler] INFO: Overridden settings: {'BOT_NAME': 'douban', 'COOKIES_ENABLED': False, 'LOG_FILE': 'db.log', 'NEWSPIDER_MODULE': 'douban.spiders', 'SPIDER_MODULES': ['douban.spiders'], 'USER_AGENT': 'Mozilla/5.0 (compatible; MSIE 9.0; Windows NT 6.1; Trident/5.0;'}
2018-05-24 12:48:42 [scrapy.middleware] INFO: Enabled extensions:
['scrapy.extensions.corestats.CoreStats',
 'scrapy.extensions.telnet.TelnetConsole',
 'scrapy.extensions.logstats.LogStats']
2018-05-24 12:48:42 [scrapy.middleware] INFO: Enabled downloader middlewares:
['douban.middlewares.RandomUseragentDownloaderMiddleware',
 'douban.middlewares.RandomProxyDownloaderMiddleware',
 'scrapy.downloadermiddlewares.httpauth.HttpAuthMiddleware',
 'scrapy.downloadermiddlewares.downloadtimeout.DownloadTimeoutMiddleware',
 'scrapy.downloadermiddlewares.defaultheaders.DefaultHeadersMiddleware',
 'scrapy.downloadermiddlewares.useragent.UserAgentMiddleware',
 'scrapy.downloadermiddlewares.retry.RetryMiddleware',
 'scrapy.downloadermiddlewares.redirect.MetaRefreshMiddleware',
 'scrapy.downloadermiddlewares.httpcompression.HttpCompressionMiddleware',
 'scrapy.downloadermiddlewares.redirect.RedirectMiddleware',
 'scrapy.downloadermiddlewares.httpproxy.HttpProxyMiddleware',
 'scrapy.downloadermiddlewares.stats.DownloaderStats']
2018-05-24 12:48:42 [scrapy.middleware] INFO: Enabled spider middlewares:
['scrapy.spidermiddlewares.httperror.HttpErrorMiddleware',
 'scrapy.spidermiddlewares.offsite.OffsiteMiddleware',
 'scrapy.spidermiddlewares.referer.RefererMiddleware',
 'scrapy.spidermiddlewares.urllength.UrlLengthMiddleware',
 'scrapy.spidermiddlewares.depth.DepthMiddleware']
2018-05-24 12:48:42 [scrapy.middleware] INFO: Enabled item pipelines:
['douban.pipelines.DoubanPipeline']
2018-05-24 12:48:42 [scrapy.core.engine] INFO: Spider opened
2018-05-24 12:48:42 [scrapy.extensions.logstats] INFO: Crawled 0 pages (at 0 pages/min), scraped 0 items (at 0 items/min)
2018-05-24 12:48:42 [scrapy.extensions.telnet] DEBUG: Telnet console listening on 127.0.0.1:6023
2018-05-24 12:48:43 [scrapy.core.engine] DEBUG: Crawled (200) <GET https://movie.douban.com/top250?start=0> (referer: None)
2018-05-24 12:48:43 [scrapy.core.engine] DEBUG: Crawled (200) <GET https://movie.douban.com/top250?start=25> (referer: https://movie.douban.com/top250?start=0)
2018-05-24 12:48:43 [scrapy.core.engine] DEBUG: Crawled (200) <GET https://movie.douban.com/top250?start=50> (referer: https://movie.douban.com/top250?start=25)
2018-05-24 12:48:43 [scrapy.core.engine] DEBUG: Crawled (200) <GET https://movie.douban.com/top250?start=75> (referer: https://movie.douban.com/top250?start=50)
2018-05-24 12:48:44 [scrapy.core.engine] DEBUG: Crawled (200) <GET https://movie.douban.com/top250?start=100> (referer: https://movie.douban.com/top250?start=75)
2018-05-24 12:48:44 [scrapy.core.engine] DEBUG: Crawled (200) <GET https://movie.douban.com/top250?start=125> (referer: https://movie.douban.com/top250?start=100)
2018-05-24 12:48:44 [scrapy.core.engine] DEBUG: Crawled (200) <GET https://movie.douban.com/top250?start=150> (referer: https://movie.douban.com/top250?start=125)
2018-05-24 12:48:47 [scrapy.core.engine] DEBUG: Crawled (200) <GET https://movie.douban.com/top250?start=175> (referer: https://movie.douban.com/top250?start=150)
2018-05-24 12:48:47 [scrapy.core.engine] DEBUG: Crawled (200) <GET https://movie.douban.com/top250?start=200> (referer: https://movie.douban.com/top250?start=175)
2018-05-24 12:48:48 [scrapy.core.engine] DEBUG: Crawled (200) <GET https://movie.douban.com/top250?start=225> (referer: https://movie.douban.com/top250?start=200)
2018-05-24 12:48:48 [scrapy.core.engine] INFO: Closing spider (finished)
2018-05-24 12:48:48 [scrapy.statscollectors] INFO: Dumping Scrapy stats:
{'downloader/request_bytes': 3492,
 'downloader/request_count': 10,
 'downloader/request_method_count/GET': 10,
 'downloader/response_bytes': 129347,
 'downloader/response_count': 10,
 'downloader/response_status_count/200': 10,
 'finish_reason': 'finished',
 'finish_time': datetime.datetime(2018, 5, 24, 4, 48, 48, 234856),
 'log_count/DEBUG': 11,
 'log_count/INFO': 7,
 'request_depth_max': 9,
 'response_received_count': 10,
 'scheduler/dequeued': 10,
 'scheduler/dequeued/memory': 10,
 'scheduler/enqueued': 10,
 'scheduler/enqueued/memory': 10,
 'start_time': datetime.datetime(2018, 5, 24, 4, 48, 42, 690488)}
2018-05-24 12:48:48 [scrapy.core.engine] INFO: Spider closed (finished)
2018-05-24 12:52:59 [scrapy.utils.log] INFO: Scrapy 1.5.0 started (bot: douban)
2018-05-24 12:52:59 [scrapy.utils.log] INFO: Versions: lxml 4.2.1.0, libxml2 2.9.7, cssselect 1.0.3, parsel 1.4.0, w3lib 1.19.0, Twisted 18.4.0, Python 3.6.0 (v3.6.0:41df79263a11, Dec 23 2016, 08:06:12) [MSC v.1900 64 bit (AMD64)], pyOpenSSL 18.0.0 (OpenSSL 1.1.0h  27 Mar 2018), cryptography 2.2.2, Platform Windows-10-10.0.16299-SP0
2018-05-24 12:52:59 [scrapy.crawler] INFO: Overridden settings: {'BOT_NAME': 'douban', 'COOKIES_ENABLED': False, 'LOG_FILE': 'db.log', 'NEWSPIDER_MODULE': 'douban.spiders', 'SPIDER_MODULES': ['douban.spiders'], 'USER_AGENT': 'Mozilla/5.0 (compatible; MSIE 9.0; Windows NT 6.1; Trident/5.0;'}
2018-05-24 12:52:59 [scrapy.middleware] INFO: Enabled extensions:
['scrapy.extensions.corestats.CoreStats',
 'scrapy.extensions.telnet.TelnetConsole',
 'scrapy.extensions.logstats.LogStats']
2018-05-24 12:52:59 [scrapy.middleware] INFO: Enabled downloader middlewares:
['douban.middlewares.RandomUseragentDownloaderMiddleware',
 'douban.middlewares.RandomProxyDownloaderMiddleware',
 'scrapy.downloadermiddlewares.httpauth.HttpAuthMiddleware',
 'scrapy.downloadermiddlewares.downloadtimeout.DownloadTimeoutMiddleware',
 'scrapy.downloadermiddlewares.defaultheaders.DefaultHeadersMiddleware',
 'scrapy.downloadermiddlewares.useragent.UserAgentMiddleware',
 'scrapy.downloadermiddlewares.retry.RetryMiddleware',
 'scrapy.downloadermiddlewares.redirect.MetaRefreshMiddleware',
 'scrapy.downloadermiddlewares.httpcompression.HttpCompressionMiddleware',
 'scrapy.downloadermiddlewares.redirect.RedirectMiddleware',
 'scrapy.downloadermiddlewares.httpproxy.HttpProxyMiddleware',
 'scrapy.downloadermiddlewares.stats.DownloaderStats']
2018-05-24 12:52:59 [scrapy.middleware] INFO: Enabled spider middlewares:
['scrapy.spidermiddlewares.httperror.HttpErrorMiddleware',
 'scrapy.spidermiddlewares.offsite.OffsiteMiddleware',
 'scrapy.spidermiddlewares.referer.RefererMiddleware',
 'scrapy.spidermiddlewares.urllength.UrlLengthMiddleware',
 'scrapy.spidermiddlewares.depth.DepthMiddleware']
2018-05-24 12:52:59 [scrapy.middleware] INFO: Enabled item pipelines:
['douban.pipelines.DoubanPipeline']
2018-05-24 12:52:59 [scrapy.core.engine] INFO: Spider opened
2018-05-24 12:52:59 [scrapy.extensions.logstats] INFO: Crawled 0 pages (at 0 pages/min), scraped 0 items (at 0 items/min)
2018-05-24 12:52:59 [scrapy.extensions.telnet] DEBUG: Telnet console listening on 127.0.0.1:6023
2018-05-24 12:53:00 [scrapy.core.engine] DEBUG: Crawled (200) <GET https://movie.douban.com/top250?start=0> (referer: None)
2018-05-24 12:53:01 [scrapy.core.engine] DEBUG: Crawled (200) <GET https://movie.douban.com/top250?start=25> (referer: https://movie.douban.com/top250?start=0)
2018-05-24 12:53:01 [scrapy.core.engine] DEBUG: Crawled (200) <GET https://movie.douban.com/top250?start=50> (referer: https://movie.douban.com/top250?start=25)
2018-05-24 12:53:01 [scrapy.core.engine] DEBUG: Crawled (200) <GET https://movie.douban.com/top250?start=75> (referer: https://movie.douban.com/top250?start=50)
2018-05-24 12:53:02 [scrapy.core.engine] DEBUG: Crawled (200) <GET https://movie.douban.com/top250?start=100> (referer: https://movie.douban.com/top250?start=75)
2018-05-24 12:53:02 [scrapy.core.engine] DEBUG: Crawled (200) <GET https://movie.douban.com/top250?start=125> (referer: https://movie.douban.com/top250?start=100)
2018-05-24 12:53:03 [scrapy.core.engine] DEBUG: Crawled (200) <GET https://movie.douban.com/top250?start=150> (referer: https://movie.douban.com/top250?start=125)
2018-05-24 12:53:03 [scrapy.core.engine] DEBUG: Crawled (200) <GET https://movie.douban.com/top250?start=175> (referer: https://movie.douban.com/top250?start=150)
2018-05-24 12:53:03 [scrapy.core.engine] DEBUG: Crawled (200) <GET https://movie.douban.com/top250?start=200> (referer: https://movie.douban.com/top250?start=175)
2018-05-24 12:53:04 [scrapy.core.engine] DEBUG: Crawled (200) <GET https://movie.douban.com/top250?start=225> (referer: https://movie.douban.com/top250?start=200)
2018-05-24 12:53:04 [scrapy.core.engine] INFO: Closing spider (finished)
2018-05-24 12:53:04 [scrapy.statscollectors] INFO: Dumping Scrapy stats:
{'downloader/request_bytes': 3759,
 'downloader/request_count': 10,
 'downloader/request_method_count/GET': 10,
 'downloader/response_bytes': 129450,
 'downloader/response_count': 10,
 'downloader/response_status_count/200': 10,
 'finish_reason': 'finished',
 'finish_time': datetime.datetime(2018, 5, 24, 4, 53, 4, 469785),
 'log_count/DEBUG': 11,
 'log_count/INFO': 7,
 'request_depth_max': 9,
 'response_received_count': 10,
 'scheduler/dequeued': 10,
 'scheduler/dequeued/memory': 10,
 'scheduler/enqueued': 10,
 'scheduler/enqueued/memory': 10,
 'start_time': datetime.datetime(2018, 5, 24, 4, 52, 59, 723372)}
2018-05-24 12:53:04 [scrapy.core.engine] INFO: Spider closed (finished)
2018-05-24 12:53:29 [scrapy.utils.log] INFO: Scrapy 1.5.0 started (bot: douban)
2018-05-24 12:53:29 [scrapy.utils.log] INFO: Versions: lxml 4.2.1.0, libxml2 2.9.7, cssselect 1.0.3, parsel 1.4.0, w3lib 1.19.0, Twisted 18.4.0, Python 3.6.0 (v3.6.0:41df79263a11, Dec 23 2016, 08:06:12) [MSC v.1900 64 bit (AMD64)], pyOpenSSL 18.0.0 (OpenSSL 1.1.0h  27 Mar 2018), cryptography 2.2.2, Platform Windows-10-10.0.16299-SP0
2018-05-24 12:53:29 [scrapy.crawler] INFO: Overridden settings: {'BOT_NAME': 'douban', 'COOKIES_ENABLED': False, 'LOG_FILE': 'db.log', 'NEWSPIDER_MODULE': 'douban.spiders', 'SPIDER_MODULES': ['douban.spiders'], 'USER_AGENT': 'Mozilla/5.0 (compatible; MSIE 9.0; Windows NT 6.1; Trident/5.0;'}
2018-05-24 12:53:29 [scrapy.middleware] INFO: Enabled extensions:
['scrapy.extensions.corestats.CoreStats',
 'scrapy.extensions.telnet.TelnetConsole',
 'scrapy.extensions.logstats.LogStats']
2018-05-24 12:53:29 [scrapy.middleware] INFO: Enabled downloader middlewares:
['douban.middlewares.RandomUseragentDownloaderMiddleware',
 'douban.middlewares.RandomProxyDownloaderMiddleware',
 'scrapy.downloadermiddlewares.httpauth.HttpAuthMiddleware',
 'scrapy.downloadermiddlewares.downloadtimeout.DownloadTimeoutMiddleware',
 'scrapy.downloadermiddlewares.defaultheaders.DefaultHeadersMiddleware',
 'scrapy.downloadermiddlewares.useragent.UserAgentMiddleware',
 'scrapy.downloadermiddlewares.retry.RetryMiddleware',
 'scrapy.downloadermiddlewares.redirect.MetaRefreshMiddleware',
 'scrapy.downloadermiddlewares.httpcompression.HttpCompressionMiddleware',
 'scrapy.downloadermiddlewares.redirect.RedirectMiddleware',
 'scrapy.downloadermiddlewares.httpproxy.HttpProxyMiddleware',
 'scrapy.downloadermiddlewares.stats.DownloaderStats']
2018-05-24 12:53:29 [scrapy.middleware] INFO: Enabled spider middlewares:
['scrapy.spidermiddlewares.httperror.HttpErrorMiddleware',
 'scrapy.spidermiddlewares.offsite.OffsiteMiddleware',
 'scrapy.spidermiddlewares.referer.RefererMiddleware',
 'scrapy.spidermiddlewares.urllength.UrlLengthMiddleware',
 'scrapy.spidermiddlewares.depth.DepthMiddleware']
2018-05-24 12:53:29 [scrapy.middleware] INFO: Enabled item pipelines:
['douban.pipelines.DoubanPipeline']
2018-05-24 12:53:29 [scrapy.core.engine] INFO: Spider opened
2018-05-24 12:53:29 [scrapy.extensions.logstats] INFO: Crawled 0 pages (at 0 pages/min), scraped 0 items (at 0 items/min)
2018-05-24 12:53:29 [scrapy.extensions.telnet] DEBUG: Telnet console listening on 127.0.0.1:6023
2018-05-24 12:53:29 [scrapy.core.engine] DEBUG: Crawled (200) <GET https://movie.douban.com/top250?start=0> (referer: None)
2018-05-24 12:53:32 [scrapy.core.engine] DEBUG: Crawled (200) <GET https://movie.douban.com/top250?start=25> (referer: https://movie.douban.com/top250?start=0)
2018-05-24 12:53:32 [scrapy.core.engine] DEBUG: Crawled (200) <GET https://movie.douban.com/top250?start=50> (referer: https://movie.douban.com/top250?start=25)
2018-05-24 12:53:32 [scrapy.core.engine] DEBUG: Crawled (200) <GET https://movie.douban.com/top250?start=75> (referer: https://movie.douban.com/top250?start=50)
2018-05-24 12:53:33 [scrapy.core.engine] DEBUG: Crawled (200) <GET https://movie.douban.com/top250?start=100> (referer: https://movie.douban.com/top250?start=75)
2018-05-24 12:53:33 [scrapy.core.engine] DEBUG: Crawled (200) <GET https://movie.douban.com/top250?start=125> (referer: https://movie.douban.com/top250?start=100)
2018-05-24 12:53:33 [scrapy.core.engine] DEBUG: Crawled (200) <GET https://movie.douban.com/top250?start=150> (referer: https://movie.douban.com/top250?start=125)
2018-05-24 12:53:33 [scrapy.core.engine] DEBUG: Crawled (200) <GET https://movie.douban.com/top250?start=175> (referer: https://movie.douban.com/top250?start=150)
2018-05-24 12:53:34 [scrapy.core.engine] DEBUG: Crawled (200) <GET https://movie.douban.com/top250?start=200> (referer: https://movie.douban.com/top250?start=175)
2018-05-24 12:53:39 [scrapy.core.engine] DEBUG: Crawled (200) <GET https://movie.douban.com/top250?start=225> (referer: https://movie.douban.com/top250?start=200)
2018-05-24 12:53:39 [scrapy.core.engine] INFO: Closing spider (finished)
2018-05-24 12:53:39 [scrapy.statscollectors] INFO: Dumping Scrapy stats:
{'downloader/request_bytes': 3549,
 'downloader/request_count': 10,
 'downloader/request_method_count/GET': 10,
 'downloader/response_bytes': 129345,
 'downloader/response_count': 10,
 'downloader/response_status_count/200': 10,
 'finish_reason': 'finished',
 'finish_time': datetime.datetime(2018, 5, 24, 4, 53, 39, 295944),
 'log_count/DEBUG': 11,
 'log_count/INFO': 7,
 'request_depth_max': 9,
 'response_received_count': 10,
 'scheduler/dequeued': 10,
 'scheduler/dequeued/memory': 10,
 'scheduler/enqueued': 10,
 'scheduler/enqueued/memory': 10,
 'start_time': datetime.datetime(2018, 5, 24, 4, 53, 29, 658384)}
2018-05-24 12:53:39 [scrapy.core.engine] INFO: Spider closed (finished)
2018-05-24 13:03:03 [scrapy.utils.log] INFO: Scrapy 1.5.0 started (bot: douban)
2018-05-24 13:03:03 [scrapy.utils.log] INFO: Versions: lxml 4.2.1.0, libxml2 2.9.7, cssselect 1.0.3, parsel 1.4.0, w3lib 1.19.0, Twisted 18.4.0, Python 3.6.0 (v3.6.0:41df79263a11, Dec 23 2016, 08:06:12) [MSC v.1900 64 bit (AMD64)], pyOpenSSL 18.0.0 (OpenSSL 1.1.0h  27 Mar 2018), cryptography 2.2.2, Platform Windows-10-10.0.16299-SP0
2018-05-24 13:03:03 [scrapy.crawler] INFO: Overridden settings: {'BOT_NAME': 'douban', 'COOKIES_ENABLED': False, 'LOG_FILE': 'db.log', 'NEWSPIDER_MODULE': 'douban.spiders', 'SPIDER_MODULES': ['douban.spiders'], 'USER_AGENT': 'Mozilla/5.0 (compatible; MSIE 9.0; Windows NT 6.1; Trident/5.0;'}
2018-05-24 13:03:03 [scrapy.middleware] INFO: Enabled extensions:
['scrapy.extensions.corestats.CoreStats',
 'scrapy.extensions.telnet.TelnetConsole',
 'scrapy.extensions.logstats.LogStats']
2018-05-24 13:03:04 [scrapy.middleware] INFO: Enabled downloader middlewares:
['douban.middlewares.RandomUseragentDownloaderMiddleware',
 'douban.middlewares.RandomProxyDownloaderMiddleware',
 'scrapy.downloadermiddlewares.httpauth.HttpAuthMiddleware',
 'scrapy.downloadermiddlewares.downloadtimeout.DownloadTimeoutMiddleware',
 'scrapy.downloadermiddlewares.defaultheaders.DefaultHeadersMiddleware',
 'scrapy.downloadermiddlewares.useragent.UserAgentMiddleware',
 'scrapy.downloadermiddlewares.retry.RetryMiddleware',
 'scrapy.downloadermiddlewares.redirect.MetaRefreshMiddleware',
 'scrapy.downloadermiddlewares.httpcompression.HttpCompressionMiddleware',
 'scrapy.downloadermiddlewares.redirect.RedirectMiddleware',
 'scrapy.downloadermiddlewares.httpproxy.HttpProxyMiddleware',
 'scrapy.downloadermiddlewares.stats.DownloaderStats']
2018-05-24 13:03:04 [scrapy.middleware] INFO: Enabled spider middlewares:
['scrapy.spidermiddlewares.httperror.HttpErrorMiddleware',
 'scrapy.spidermiddlewares.offsite.OffsiteMiddleware',
 'scrapy.spidermiddlewares.referer.RefererMiddleware',
 'scrapy.spidermiddlewares.urllength.UrlLengthMiddleware',
 'scrapy.spidermiddlewares.depth.DepthMiddleware']
2018-05-24 13:03:04 [scrapy.middleware] INFO: Enabled item pipelines:
['douban.pipelines.DoubanPipeline']
2018-05-24 13:03:04 [scrapy.core.engine] INFO: Spider opened
2018-05-24 13:03:04 [scrapy.extensions.logstats] INFO: Crawled 0 pages (at 0 pages/min), scraped 0 items (at 0 items/min)
2018-05-24 13:03:04 [scrapy.extensions.telnet] DEBUG: Telnet console listening on 127.0.0.1:6023
2018-05-24 13:03:04 [scrapy.core.scraper] ERROR: Error downloading <GET https://movie.douban.com/top250?start=0>
Traceback (most recent call last):
  File "C:\Program Files\Python36\lib\site-packages\twisted\internet\defer.py", line 1386, in _inlineCallbacks
    result = g.send(result)
  File "C:\Program Files\Python36\lib\site-packages\scrapy\core\downloader\middleware.py", line 37, in process_request
    response = yield method(request=request, spider=spider)
  File "D:\DATA\python\Scrapy_Spiser\douban\douban\middlewares.py", line 45, in process_request
    request.meta["proxy"] = "http://" + b64_userpass
TypeError: must be str, not bytes
2018-05-24 13:03:04 [scrapy.core.engine] INFO: Closing spider (finished)
2018-05-24 13:03:04 [scrapy.statscollectors] INFO: Dumping Scrapy stats:
{'downloader/exception_count': 1,
 'downloader/exception_type_count/builtins.TypeError': 1,
 'finish_reason': 'finished',
 'finish_time': datetime.datetime(2018, 5, 24, 5, 3, 4, 512284),
 'log_count/DEBUG': 1,
 'log_count/ERROR': 1,
 'log_count/INFO': 7,
 'scheduler/dequeued': 1,
 'scheduler/dequeued/memory': 1,
 'scheduler/enqueued': 1,
 'scheduler/enqueued/memory': 1,
 'start_time': datetime.datetime(2018, 5, 24, 5, 3, 4, 286211)}
2018-05-24 13:03:04 [scrapy.core.engine] INFO: Spider closed (finished)
